(3-Cyano)Methylenecyclopropane                          Tue Jun 27 23:33:33 2023
ID=     5 QSPINROT=    267816.0000 MIN, MAX QN=   0 120
MIN.LOG.STR=    -8.000 MIN.LOG.STR(FRQ/300GHZ)**2=    -8.000 MAX FREQ      750.0 GHZ, TEMP=   292.00
     1      1    3.6924      / a dipole moment gs
     2      2    1.4958      / b dipole moment gs
     3      3    0.9398      / c dipole moment gs
.VAR FILE TITLE :(3-Cyano)Methylenecyclopropane                          Wed Jun 14 10:24:35 2023
                              PARAMETERS - A.PRIORI ERROR 
     1      1         1000000  7.7805774826475E+003   4.574221E-004 A_gs
     2      2         2000000  2.5668019452497E+003   9.831469E-005 B_gs
     3      3         3000000  2.1320599894926E+003   1.262844E-004 C_gs
     4      4           20000 -1.1819912901270E-003   2.378889E-008 -DJ_gs
     5      5          110000  7.2633503363649E-003   1.013795E-007 -DJK_gs
     6      6          200000 -3.7002621067088E-002   1.323493E-006 -DK_gs
     7      7         4010000 -3.3159012386398E-004   6.534852E-009 d1_gs
     8      8         5000000 -2.7765057919583E-005   3.078991E-009 d2_gs
     9      9           30000  3.0825706910010E-009   2.420234E-012 HJ_gs
    10     10          120000 -1.3991205615571E-009   1.300916E-011 HJK_gs
    11     11          210000 -1.6435248432458E-007   6.193331E-011 HKJ_gs
    12     12          300000  7.0885711604694E-007   1.567958E-009 HK_gs
    13     13         4020000  1.3860917230011E-009   4.043536E-013 h1_gs
    14     14         5010000  3.0804330295537E-010   2.454104E-013 h2_gs
    15     15         6000000  3.9960258716545E-011   7.578060E-014 h3_gs
    16     16           40000 -3.9940577543670E-015   8.893752E-017 LJ_gs
    17     17          130000 -1.7768763508902E-013   6.484649E-016 LJJK_gs
    18     18          220000  1.2176621537126E-012   4.013586E-015 LJK_gs
    19     19          310000  1.0534398436165E-013   1.448869E-014 LKKJ_gs
    20     20          400000 -3.4541235780650E-012   6.403486E-013 LK_gs
    21     21         4030000  0.0000000000000E+000   1.000000E-037 l1_gs
    22     22         5020000  0.0000000000000E+000   1.000000E-037 l2_gs
    23     23         6010000  0.0000000000000E+000   1.000000E-037 l3_gs
    24     24         7000000  0.0000000000000E+000   1.000000E-037 l4_gs
    25     25               0  0.0000000000000E+000   1.000000E-037 E_gs
25 parameters read, 25 independent parameters
IQNFMT = 1404
ENERGY SORT OF WANG SUB-BLOCKS
PROLATE ROTOR
    V KMIN KMAX WTPL WTMN ESYMWT NSYM SPINS
    0    0  120    1    1     99    2
    1    0  120    1    1     99    2
    2    0  120    1    1     99    2
    3    0  120    1    1     99    2
    4    0  120    1    1     99    2
    5    0  120    1    1     99    2
    6    0  120    1    1     99    2
    7    0  120    1    1     99    2
    8    0  120    1    1     99    2
    9    0  120    1    1     99    2
   10    0  120    1    1     99    2
   11    0  120    1    1     99    2
   12    0  120    1    1     99    2
   13    0  120    1    1     99    2
   14    0  120    1    1     99    2
   15    0  120    1    1     99    2
   16    0  120    1    1     99    2
   17    0  120    1    1     99    2
BLOCK - WT - SYM - V - TSP - N  -  other quanta  (rel. to F=0 )
    1    1    x    0    0
    2    1    c    0    0
    3    1    b    0    0
    4    1    a    0    0
    5    1    x    1    0
    6    1    c    1    0
    7    1    b    1    0
    8    1    a    1    0
    9    1    x    2    0
   10    1    c    2    0
   11    1    b    2    0
   12    1    a    2    0
   13    1    x    3    0
   14    1    c    3    0
   15    1    b    3    0
   16    1    a    3    0
   17    1    x    4    0
   18    1    c    4    0
   19    1    b    4    0
   20    1    a    4    0
   21    1    x    5    0
   22    1    c    5    0
   23    1    b    5    0
   24    1    a    5    0
   25    1    x    6    0
   26    1    c    6    0
   27    1    b    6    0
   28    1    a    6    0
   29    1    x    7    0
   30    1    c    7    0
   31    1    b    7    0
   32    1    a    7    0
   33    1    x    8    0
   34    1    c    8    0
   35    1    b    8    0
   36    1    a    8    0
   37    1    x    9    0
   38    1    c    9    0
   39    1    b    9    0
   40    1    a    9    0
   41    1    x   10    0
   42    1    c   10    0
   43    1    b   10    0
   44    1    a   10    0
   45    1    x   11    0
   46    1    c   11    0
   47    1    b   11    0
   48    1    a   11    0
   49    1    x   12    0
   50    1    c   12    0
   51    1    b   12    0
   52    1    a   12    0
   53    1    x   13    0
   54    1    c   13    0
   55    1    b   13    0
   56    1    a   13    0
   57    1    x   14    0
   58    1    c   14    0
   59    1    b   14    0
   60    1    a   14    0
   61    1    x   15    0
   62    1    c   15    0
   63    1    b   15    0
   64    1    a   15    0
   65    1    x   16    0
   66    1    c   16    0
   67    1    b   16    0
   68    1    a   16    0
   69    1    x   17    0
   70    1    c   17    0
   71    1    b   17    0
   72    1    a   17    0
Maximum Dimension for Hamiltonian = 61
INITIAL Q =    267816.0000, NEW Q IS RELATIVE TO MIN.EGY.=         0.0000
 NUMBER OF LINES =  86745
TEMPERATURE - Q(SPIN-ROT.) - log Q(SPIN-ROT.)
    300.000  40288752.6460    7.6052
    292.000  40283509.9311    7.6051
    225.000  40242085.1114    7.6047
    150.000  40202264.4340    7.6043
     75.000  40171502.0145    7.6039
     37.500  40160638.1413    7.6038
     18.750  40156798.8677    7.6038
      9.375  40155441.3660    7.6037
